<?xml version="1.0" encoding="UTF-8" ?>
<testsuite tests="5" failures="0" name="edu.brown.cs.ngoelz.KDTreeTest" time="5.282" errors="0" skipped="0">
  <properties>
[...]
</properties>
  <testcase classname="edu.brown.cs.ngoelz.KDTreeTest" name="runALotOfTests" time="5.185"/>
  <testcase classname="edu.brown.cs.ngoelz.KDTreeTest" name="radiusGeneralCheck" time="0.023"/>
  <testcase classname="edu.brown.cs.ngoelz.KDTreeTest" name="random10StarCheck" time="0.002"/>
  <testcase classname="edu.brown.cs.ngoelz.KDTreeTest" name="verifyNeighborsCheck" time="0.001"/>
  <testcase classname="edu.brown.cs.ngoelz.KDTreeTest" name="kNearestGeneralCheck" time="0.003"/>
</testsuite>